Determining if the pthread_create exist failed with the following output:
Change Dir: /home/Shengxi-Liu/SourceReading/build/release-cpp11/CMakeFiles/CMakeTmp

Run Build Command:"/usr/bin/gmake" "cmTC_c6294/fast"
/usr/bin/gmake -f CMakeFiles/cmTC_c6294.dir/build.make CMakeFiles/cmTC_c6294.dir/build
gmake[1]: 进入目录“/home/Shengxi-Liu/SourceReading/build/release-cpp11/CMakeFiles/CMakeTmp”
Building C object CMakeFiles/cmTC_c6294.dir/CheckSymbolExists.c.o
/usr/bin/cc    -o CMakeFiles/cmTC_c6294.dir/CheckSymbolExists.c.o   -c /home/Shengxi-Liu/SourceReading/build/release-cpp11/CMakeFiles/CMakeTmp/CheckSymbolExists.c
Linking C executable cmTC_c6294
/usr/bin/cmake -E cmake_link_script CMakeFiles/cmTC_c6294.dir/link.txt --verbose=1
/usr/bin/cc      -rdynamic CMakeFiles/cmTC_c6294.dir/CheckSymbolExists.c.o  -o cmTC_c6294 
CMakeFiles/cmTC_c6294.dir/CheckSymbolExists.c.o：在函数‘main’中：
CheckSymbolExists.c:(.text+0x16)：对‘pthread_create’未定义的引用
collect2: 错误：ld 返回 1
gmake[1]: *** [CMakeFiles/cmTC_c6294.dir/build.make:87：cmTC_c6294] 错误 1
gmake[1]: 离开目录“/home/Shengxi-Liu/SourceReading/build/release-cpp11/CMakeFiles/CMakeTmp”
gmake: *** [Makefile:126：cmTC_c6294/fast] 错误 2

File /home/Shengxi-Liu/SourceReading/build/release-cpp11/CMakeFiles/CMakeTmp/CheckSymbolExists.c:
/* */
#include <pthread.h>

int main(int argc, char** argv)
{
  (void)argv;
#ifndef pthread_create
  return ((int*)(&pthread_create))[argc];
#else
  (void)argc;
  return 0;
#endif
}

Determining if the function pthread_create exists in the pthreads failed with the following output:
Change Dir: /home/Shengxi-Liu/SourceReading/build/release-cpp11/CMakeFiles/CMakeTmp

Run Build Command:"/usr/bin/gmake" "cmTC_6f80a/fast"
/usr/bin/gmake -f CMakeFiles/cmTC_6f80a.dir/build.make CMakeFiles/cmTC_6f80a.dir/build
gmake[1]: 进入目录“/home/Shengxi-Liu/SourceReading/build/release-cpp11/CMakeFiles/CMakeTmp”
Building C object CMakeFiles/cmTC_6f80a.dir/CheckFunctionExists.c.o
/usr/bin/cc   -DCHECK_FUNCTION_EXISTS=pthread_create   -o CMakeFiles/cmTC_6f80a.dir/CheckFunctionExists.c.o   -c /usr/share/cmake/Modules/CheckFunctionExists.c
Linking C executable cmTC_6f80a
/usr/bin/cmake -E cmake_link_script CMakeFiles/cmTC_6f80a.dir/link.txt --verbose=1
/usr/bin/cc  -DCHECK_FUNCTION_EXISTS=pthread_create    -rdynamic CMakeFiles/cmTC_6f80a.dir/CheckFunctionExists.c.o  -o cmTC_6f80a -lpthreads 
/usr/bin/ld: 找不到 -lpthreads
collect2: 错误：ld 返回 1
gmake[1]: *** [CMakeFiles/cmTC_6f80a.dir/build.make:87：cmTC_6f80a] 错误 1
gmake[1]: 离开目录“/home/Shengxi-Liu/SourceReading/build/release-cpp11/CMakeFiles/CMakeTmp”
gmake: *** [Makefile:126：cmTC_6f80a/fast] 错误 2


